# JRE version: Java(TM) SE Runtime Environment (21.0.2+13) (build 21.0.2+13-LTS-58)
# Java VM: Java HotSpot(TM) 64-Bit Server VM (21.0.2+13-LTS-58, mixed mode, sharing, tiered, compressed oops, compressed class ptrs, g1 gc, windows-amd64)
GC Precious Log:
 CardTable entry size: 512
 Card Set container configuration: InlinePtr #cards 5 size 8 Array Of Cards #cards 12 size 40 Howl #buckets 4 coarsen threshold 1843 Howl Bitmap #cards 512 size 80 coarsen threshold 460 Card regions per heap region 1 cards per card region 2048
 CPUs: 4 total, 4 available
 Memory: 7990M
 Large Page Support: Disabled
 NUMA Support: Disabled
 Compressed Oops: Enabled (32-bit)
 Heap Region Size: 1M
 Heap Min Capacity: 8M
 Heap Initial Capacity: 126M
 Heap Max Capacity: 1998M
 Pre-touch: Disabled
 Parallel Workers: 4
 Concurrent Workers: 1
 Concurrent Refinement Workers: 4
 Periodic GC: Disabled
Heap:
 garbage-first heap   total 51200K, used 21795K [0x0000000083200000, 0x0000000100000000)
  region size 1024K, 3 young (3072K), 2 survivors (2048K)
 Metaspace       used 35595K, committed 36160K, reserved 1114112K
  class space    used 4523K, committed 4736K, reserved 1048576K
GC Heap History (14 events):
Event: 10.917 GC heap before
{Heap before GC invocations=0 (full 0):
 garbage-first heap   total 129024K, used 13312K [0x0000000083200000, 0x0000000100000000)
  region size 1024K, 13 young (13312K), 0 survivors (0K)
 Metaspace       used 3297K, committed 3456K, reserved 1114112K
  class space    used 325K, committed 384K, reserved 1048576K
}
Event: 10.927 GC heap after
{Heap after GC invocations=1 (full 0):
 garbage-first heap   total 129024K, used 6482K [0x0000000083200000, 0x0000000100000000)
  region size 1024K, 2 young (2048K), 2 survivors (2048K)
 Metaspace       used 3297K, committed 3456K, reserved 1114112K
  class space    used 325K, committed 384K, reserved 1048576K
}
Event: 15.968 GC heap before
{Heap before GC invocations=1 (full 0):
 garbage-first heap   total 129024K, used 18770K [0x0000000083200000, 0x0000000100000000)
  region size 1024K, 14 young (14336K), 2 survivors (2048K)
 Metaspace       used 6151K, committed 6400K, reserved 1114112K
  class space    used 712K, committed 832K, reserved 1048576K
}
Event: 15.974 GC heap after
{Heap after GC invocations=2 (full 0):
 garbage-first heap   total 129024K, used 7485K [0x0000000083200000, 0x0000000100000000)
  region size 1024K, 1 young (1024K), 1 survivors (1024K)
 Metaspace       used 6151K, committed 6400K, reserved 1114112K
  class space    used 712K, committed 832K, reserved 1048576K
}
Event: 31.083 GC heap before
{Heap before GC invocations=2 (full 0):
 garbage-first heap   total 129024K, used 40253K [0x0000000083200000, 0x0000000100000000)
  region size 1024K, 34 young (34816K), 1 survivors (1024K)
 Metaspace       used 15189K, committed 15488K, reserved 1114112K
  class space    used 1987K, committed 2112K, reserved 1048576K
}
Event: 31.094 GC heap after
{Heap after GC invocations=3 (full 0):
 garbage-first heap   total 129024K, used 10341K [0x0000000083200000, 0x0000000100000000)
  region size 1024K, 4 young (4096K), 4 survivors (4096K)
 Metaspace       used 15189K, committed 15488K, reserved 1114112K
  class space    used 1987K, committed 2112K, reserved 1048576K
}
Event: 50.270 GC heap before
{Heap before GC invocations=3 (full 0):
 garbage-first heap   total 129024K, used 34917K [0x0000000083200000, 0x0000000100000000)
  region size 1024K, 30 young (30720K), 4 survivors (4096K)
 Metaspace       used 21209K, committed 21504K, reserved 1114112K
  class space    used 2706K, committed 2816K, reserved 1048576K
}
Event: 50.285 GC heap after
{Heap after GC invocations=4 (full 0):
 garbage-first heap   total 129024K, used 13570K [0x0000000083200000, 0x0000000100000000)
  region size 1024K, 7 young (7168K), 7 survivors (7168K)
 Metaspace       used 21209K, committed 21504K, reserved 1114112K
  class space    used 2706K, committed 2816K, reserved 1048576K
}
Event: 59.153 GC heap before
{Heap before GC invocations=5 (full 0):
 garbage-first heap   total 51200K, used 37122K [0x0000000083200000, 0x0000000100000000)
  region size 1024K, 30 young (30720K), 7 survivors (7168K)
 Metaspace       used 23167K, committed 23488K, reserved 1114112K
  class space    used 2940K, committed 3072K, reserved 1048576K
}
Event: 59.172 GC heap after
{Heap after GC invocations=6 (full 0):
 garbage-first heap   total 51200K, used 15818K [0x0000000083200000, 0x0000000100000000)
  region size 1024K, 3 young (3072K), 3 survivors (3072K)
 Metaspace       used 23167K, committed 23488K, reserved 1114112K
  class space    used 2940K, committed 3072K, reserved 1048576K
}
Event: 70.123 GC heap before
{Heap before GC invocations=6 (full 0):
 garbage-first heap   total 51200K, used 37322K [0x0000000083200000, 0x0000000100000000)
  region size 1024K, 25 young (25600K), 3 survivors (3072K)
 Metaspace       used 26581K, committed 26944K, reserved 1114112K
  class space    used 3390K, committed 3520K, reserved 1048576K
}
Event: 70.135 GC heap after
{Heap after GC invocations=7 (full 0):
 garbage-first heap   total 51200K, used 17208K [0x0000000083200000, 0x0000000100000000)
  region size 1024K, 4 young (4096K), 4 survivors (4096K)
 Metaspace       used 26581K, committed 26944K, reserved 1114112K
  class space    used 3390K, committed 3520K, reserved 1048576K
}
Event: 95.986 GC heap before
{Heap before GC invocations=7 (full 0):
 garbage-first heap   total 51200K, used 39736K [0x0000000083200000, 0x0000000100000000)
  region size 1024K, 27 young (27648K), 4 survivors (4096K)
 Metaspace       used 31457K, committed 31936K, reserved 1114112K
  class space    used 4078K, committed 4288K, reserved 1048576K
}
Event: 96.000 GC heap after
{Heap after GC invocations=8 (full 0):
 garbage-first heap   total 51200K, used 19720K [0x0000000083200000, 0x0000000100000000)
  region size 1024K, 4 young (4096K), 4 survivors (4096K)
 Metaspace       used 31457K, committed 31936K, reserved 1114112K
  class space    used 4078K, committed 4288K, reserved 1048576K
}

